<?xml version="1.0" encoding="UTF-8"?>
<!-- Generated by org.testng.reporters.JUnitReportReporter -->
<testsuite hostname="WKWIN8821446" name="webdriverSessions.TestNG" tests="2" failures="0" timestamp="18 Nov 2019 09:57:21 GMT" time="0.008" errors="0">
  <testcase name="testpassword" time="0.006" classname="webdriverSessions.TestNG"/>
  <testcase name="testuserid" time="0.002" classname="webdriverSessions.TestNG"/>
</testsuite> <!-- webdriverSessions.TestNG -->
